<?xml version="1.0" encoding="UTF-8"?>
<!-- Generated by org.testng.reporters.JUnitReportReporter -->
<testsuite ignored="0" hostname="MIDL005224" failures="0" tests="1" name="testSelenium.PracticaSelenium" time="8.913" errors="0" timestamp="14 Sep 2021 23:01:57 GMT" skipped="0">
  <testcase classname="testSelenium.PracticaSelenium" name="Practica_Selenium" time="8.913"/>
</testsuite> <!-- testSelenium.PracticaSelenium -->
