<?xml version="1.0" encoding="UTF-8"?>
<!-- Generated by org.testng.reporters.JUnitReportReporter -->
<testsuite ignored="0" hostname="MIDL005224" failures="0" tests="1" name="loginTests.TC_04" time="15.298" errors="0" timestamp="23 Sep 2021 00:46:52 GMT" skipped="0">
  <testcase classname="loginTests.TC_04" name="TC_05_Search" time="15.298"/>
</testsuite> <!-- loginTests.TC_04 -->
