<?xml version="1.0" encoding="UTF-8"?>
<!-- Generated by org.testng.reporters.JUnitReportReporter -->
<testsuite ignored="0" hostname="MIDL005224" failures="0" tests="1" name="practicaSelenium.Ejercicio_2" time="22.234" errors="0" timestamp="17 Sep 2021 23:44:52 GMT" skipped="0">
  <testcase classname="practicaSelenium.Ejercicio_2" name="VerificarNathan" time="22.234"/>
</testsuite> <!-- practicaSelenium.Ejercicio_2 -->
