<?xml version="1.0" encoding="UTF-8"?>
<!-- Generated by org.testng.reporters.JUnitReportReporter -->
<testsuite ignored="0" hostname="MIDL005224" failures="0" tests="1" name="loginTests.TC_02" time="0.593" errors="0" timestamp="18 Sep 2021 16:25:50 GMT" skipped="0">
  <testcase classname="loginTests.TC_02" name="TC_02_IncorrectLogin" time="0.593"/>
</testsuite> <!-- loginTests.TC_02 -->
