<?xml version="1.0" encoding="UTF-8"?>
<!-- Generated by org.testng.reporters.JUnitReportReporter -->
<testsuite ignored="0" hostname="MIDL005224" failures="0" tests="1" name="NewTest" time="3.940" errors="0" timestamp="21 Aug 2021 15:44:09 GMT" skipped="0">
  <testcase classname="NewTest" name="f" time="3.940"/>
</testsuite> <!-- NewTest -->
